Microsoft (R) Build Engine version 12.0.30723.0
[Microsoft .NET Framework, version 4.0.30319.18444]
Copyright (C) Microsoft Corporation. All rights reserved.

Building the projects in this solution one at a time. To enable parallel build, please add the "/m" switch.
Build started 10/9/2014 8:01:26 PM.
Project "C:\Users\Sleepyhead\WebstormProjects\v8-node\v8\3.29\v8\tools\gyp\v8.sln" on node 1 (v8 target(s)).
ValidateSolutionConfiguration:
  Building solution configuration "release|x64".
Project "C:\Users\Sleepyhead\WebstormProjects\v8-node\v8\3.29\v8\tools\gyp\v8.sln" (1) is building "C:\Users\Sleepyhead\WebstormProjects\v8-node\v8\3.29\v8\tools\gyp\v8.vcxproj.metaproj" (2) on node 1 (default targets).
Project "C:\Users\Sleepyhead\WebstormProjects\v8-node\v8\3.29\v8\tools\gyp\v8.vcxproj.metaproj" (2) is building "C:\Users\Sleepyhead\WebstormProjects\v8-node\v8\3.29\v8\tools\gyp\v8_base.vcxproj" (3) on node 1 (default targets).
InitializeBuildStatus:
  Creating "..\..\build\Release\obj\v8_base\v8_base.tlog\unsuccessfulbuild" because "AlwaysCreate" was specified.
ClCompile:
  All outputs are up-to-date.
Lib:
  All outputs are up-to-date.
  v8_base.vcxproj -> ..\..\build\Release\lib\v8_base.lib
FinalizeBuildStatus:
  Deleting file "..\..\build\Release\obj\v8_base\v8_base.tlog\unsuccessfulbuild".
  Touching "..\..\build\Release\obj\v8_base\v8_base.tlog\v8_base.lastbuildstate".
Done Building Project "C:\Users\Sleepyhead\WebstormProjects\v8-node\v8\3.29\v8\tools\gyp\v8_base.vcxproj" (default targets).
Project "C:\Users\Sleepyhead\WebstormProjects\v8-node\v8\3.29\v8\tools\gyp\v8.vcxproj.metaproj" (2) is building "C:\Users\Sleepyhead\WebstormProjects\v8-node\v8\3.29\v8\tools\gyp\v8_libbase.vcxproj" (4) on node 1 (default targets).
InitializeBuildStatus:
  Creating "..\..\build\Release\obj\v8_libbase\v8_libbase.tlog\unsuccessfulbuild" because "AlwaysCreate" was specified.
ClCompile:
  All outputs are up-to-date.
Lib:
  All outputs are up-to-date.
  v8_libbase.vcxproj -> ..\..\build\Release\lib\v8_libbase.lib
FinalizeBuildStatus:
  Deleting file "..\..\build\Release\obj\v8_libbase\v8_libbase.tlog\unsuccessfulbuild".
  Touching "..\..\build\Release\obj\v8_libbase\v8_libbase.tlog\v8_libbase.lastbuildstate".
Done Building Project "C:\Users\Sleepyhead\WebstormProjects\v8-node\v8\3.29\v8\tools\gyp\v8_libbase.vcxproj" (default targets).
Project "C:\Users\Sleepyhead\WebstormProjects\v8-node\v8\3.29\v8\tools\gyp\v8.vcxproj.metaproj" (2) is building "C:\Users\Sleepyhead\WebstormProjects\v8-node\v8\3.29\v8\tools\gyp\js2c.vcxproj" (5) on node 1 (default targets).
InitializeBuildStatus:
  Creating "..\..\build\Release\obj\js2c\js2c.tlog\unsuccessfulbuild" because "AlwaysCreate" was specified.
CustomBuild:
  All outputs are up-to-date.
FinalizeBuildStatus:
  Deleting file "..\..\build\Release\obj\js2c\js2c.tlog\unsuccessfulbuild".
  Touching "..\..\build\Release\obj\js2c\js2c.tlog\js2c.lastbuildstate".
Done Building Project "C:\Users\Sleepyhead\WebstormProjects\v8-node\v8\3.29\v8\tools\gyp\js2c.vcxproj" (default targets).
Project "C:\Users\Sleepyhead\WebstormProjects\v8-node\v8\3.29\v8\tools\gyp\v8.vcxproj.metaproj" (2) is building "C:\Users\Sleepyhead\WebstormProjects\v8-node\v8\3.29\v8\tools\gyp\v8_nosnapshot.vcxproj.metaproj" (6) on node 1 (default targets).
Project "C:\Users\Sleepyhead\WebstormProjects\v8-node\v8\3.29\v8\tools\gyp\v8_nosnapshot.vcxproj.metaproj" (6) is building "C:\Users\Sleepyhead\WebstormProjects\v8-node\v8\3.29\v8\tools\gyp\v8_nosnapshot.vcxproj" (7) on node 1 (default targets).
InitializeBuildStatus:
  Creating "..\..\build\Release\obj\v8_nosnapshot\v8_nosnapshot.tlog\unsuccessfulbuild" because "AlwaysCreate" was specified.
ClCompile:
  All outputs are up-to-date.
Lib:
  All outputs are up-to-date.
  v8_nosnapshot.vcxproj -> ..\..\build\Release\lib\v8_nosnapshot.lib
FinalizeBuildStatus:
  Deleting file "..\..\build\Release\obj\v8_nosnapshot\v8_nosnapshot.tlog\unsuccessfulbuild".
  Touching "..\..\build\Release\obj\v8_nosnapshot\v8_nosnapshot.tlog\v8_nosnapshot.lastbuildstate".
Done Building Project "C:\Users\Sleepyhead\WebstormProjects\v8-node\v8\3.29\v8\tools\gyp\v8_nosnapshot.vcxproj" (default targets).
Done Building Project "C:\Users\Sleepyhead\WebstormProjects\v8-node\v8\3.29\v8\tools\gyp\v8_nosnapshot.vcxproj.metaproj" (default targets).
Project "C:\Users\Sleepyhead\WebstormProjects\v8-node\v8\3.29\v8\tools\gyp\v8.vcxproj.metaproj" (2) is building "C:\Users\Sleepyhead\WebstormProjects\v8-node\v8\3.29\v8\tools\gyp\v8.vcxproj" (8) on node 1 (default targets).
InitializeBuildStatus:
  Creating "..\..\build\Release\obj\v8\v8.tlog\unsuccessfulbuild" because "AlwaysCreate" was specified.
ClCompile:
  All outputs are up-to-date.
Link:
  All outputs are up-to-date.
  v8.vcxproj -> ..\..\build\Release\\v8.dll
FinalizeBuildStatus:
  Deleting file "..\..\build\Release\obj\v8\v8.tlog\unsuccessfulbuild".
  Touching "..\..\build\Release\obj\v8\v8.tlog\v8.lastbuildstate".
Done Building Project "C:\Users\Sleepyhead\WebstormProjects\v8-node\v8\3.29\v8\tools\gyp\v8.vcxproj" (default targets).
Done Building Project "C:\Users\Sleepyhead\WebstormProjects\v8-node\v8\3.29\v8\tools\gyp\v8.vcxproj.metaproj" (default targets).
Done Building Project "C:\Users\Sleepyhead\WebstormProjects\v8-node\v8\3.29\v8\tools\gyp\v8.sln" (v8 target(s)).

Build succeeded.
    0 Warning(s)
    0 Error(s)

Time Elapsed 00:00:00.87
